Using launch settings from D:\CodeSpace\Temporary-Field\EcommerceInventorySystem-Backend\src\EcommerceInventory.API\Properties\launchSettings.json...
Building...
[22:41:24 INF] Applying database migrations...
[22:41:25 WRN] Entity 'User' has a global query filter defined and is the required end of a relationship with the entity 'EmailVerificationToken'. This may lead to unexpected results when the required entity is filtered out. Either configure the navigation as optional, or define matching query filters for both entities in the navigation. See https://go.microsoft.com/fwlink/?linkid=2131316 for more information.
[22:41:25 WRN] Entity 'User' has a global query filter defined and is the required end of a relationship with the entity 'PasswordResetToken'. This may lead to unexpected results when the required entity is filtered out. Either configure the navigation as optional, or define matching query filters for both entities in the navigation. See https://go.microsoft.com/fwlink/?linkid=2131316 for more information.
[22:41:25 WRN] Entity 'Product' has a global query filter defined and is the required end of a relationship with the entity 'ProductImage'. This may lead to unexpected results when the required entity is filtered out. Either configure the navigation as optional, or define matching query filters for both entities in the navigation. See https://go.microsoft.com/fwlink/?linkid=2131316 for more information.
[22:41:25 WRN] Entity 'Supplier' has a global query filter defined and is the required end of a relationship with the entity 'PurchaseOrder'. This may lead to unexpected results when the required entity is filtered out. Either configure the navigation as optional, or define matching query filters for both entities in the navigation. See https://go.microsoft.com/fwlink/?linkid=2131316 for more information.
[22:41:25 WRN] Entity 'Product' has a global query filter defined and is the required end of a relationship with the entity 'PurchaseOrderItem'. This may lead to unexpected results when the required entity is filtered out. Either configure the navigation as optional, or define matching query filters for both entities in the navigation. See https://go.microsoft.com/fwlink/?linkid=2131316 for more information.
[22:41:25 WRN] Entity 'User' has a global query filter defined and is the required end of a relationship with the entity 'RefreshToken'. This may lead to unexpected results when the required entity is filtered out. Either configure the navigation as optional, or define matching query filters for both entities in the navigation. See https://go.microsoft.com/fwlink/?linkid=2131316 for more information.
[22:41:25 WRN] Entity 'Warehouse' has a global query filter defined and is the required end of a relationship with the entity 'SalesOrder'. This may lead to unexpected results when the required entity is filtered out. Either configure the navigation as optional, or define matching query filters for both entities in the navigation. See https://go.microsoft.com/fwlink/?linkid=2131316 for more information.
[22:41:25 WRN] Entity 'Product' has a global query filter defined and is the required end of a relationship with the entity 'SalesOrderItem'. This may lead to unexpected results when the required entity is filtered out. Either configure the navigation as optional, or define matching query filters for both entities in the navigation. See https://go.microsoft.com/fwlink/?linkid=2131316 for more information.
[22:41:25 WRN] Entity 'Product' has a global query filter defined and is the required end of a relationship with the entity 'Stock'. This may lead to unexpected results when the required entity is filtered out. Either configure the navigation as optional, or define matching query filters for both entities in the navigation. See https://go.microsoft.com/fwlink/?linkid=2131316 for more information.
[22:41:25 WRN] Entity 'User' has a global query filter defined and is the required end of a relationship with the entity 'UserRole'. This may lead to unexpected results when the required entity is filtered out. Either configure the navigation as optional, or define matching query filters for both entities in the navigation. See https://go.microsoft.com/fwlink/?linkid=2131316 for more information.
[22:41:29 INF] Executed DbCommand (265ms) [Parameters=[], CommandType='Text', CommandTimeout='30']
SELECT "MigrationId", "ProductVersion"
FROM "__EFMigrationsHistory"
ORDER BY "MigrationId";
[22:41:29 INF] Executed DbCommand (252ms) [Parameters=[], CommandType='Text', CommandTimeout='30']
SELECT 1
[22:41:30 INF] Executed DbCommand (250ms) [Parameters=[], CommandType='Text', CommandTimeout='30']
CREATE TABLE IF NOT EXISTS "__EFMigrationsHistory" (
    "MigrationId" character varying(150) NOT NULL,
    "ProductVersion" character varying(32) NOT NULL,
    CONSTRAINT "PK___EFMigrationsHistory" PRIMARY KEY ("MigrationId")
);
[22:41:30 INF] Executed DbCommand (244ms) [Parameters=[], CommandType='Text', CommandTimeout='30']
LOCK TABLE "__EFMigrationsHistory" IN ACCESS EXCLUSIVE MODE
[22:41:30 INF] Executed DbCommand (241ms) [Parameters=[], CommandType='Text', CommandTimeout='30']
SELECT "MigrationId", "ProductVersion"
FROM "__EFMigrationsHistory"
ORDER BY "MigrationId";
[22:41:30 INF] No migrations were applied. The database is already up to date.
[22:41:31 INF] Database migrations applied successfully.
[22:41:31 INF] Running SuperAdmin seeder...
[22:41:31 INF] Executed DbCommand (246ms) [Parameters=[], CommandType='Text', CommandTimeout='30']
SELECT EXISTS (
    SELECT 1
    FROM users AS u
    WHERE u."DeletedAt" IS NULL AND u."Id" = '31111111-0000-0000-0000-000000000001')
[22:41:31 INF] SuperAdmin user already exists, skipping seed.
[22:41:31 INF] SuperAdmin seeder completed.
[22:41:31 INF] Starting Ecommerce Inventory API...
[22:41:31 INF] User profile is available. Using 'C:\Users\Admin\AppData\Local\ASP.NET\DataProtection-Keys' as key repository and Windows DPAPI to encrypt keys at rest.
[22:41:31 INF] Now listening on: http://localhost:5255
[22:41:31 INF] Application started. Press Ctrl+C to shut down.
[22:41:31 INF] Hosting environment: Development
[22:41:31 INF] Content root path: D:\CodeSpace\Temporary-Field\EcommerceInventorySystem-Backend\src\EcommerceInventory.API
[22:45:38 INF] Request starting HTTP/1.1 POST http://localhost:5255/api/v1/auth/login - application/json 67
[22:45:38 INF] [bb1e7072-caad-4eda-a0c4-f4b437e31816] POST /api/v1/auth/login 
[22:45:38 WRN] Failed to determine the https port for redirect.
[22:45:39 INF] Executing endpoint 'EcommerceInventory.API.Controllers.AuthController.Login (EcommerceInventory.API)'
[22:45:39 INF] Route matched with {action = "Login", controller = "Auth"}. Executing controller action with signature System.Threading.Tasks.Task`1[Microsoft.AspNetCore.Mvc.IActionResult] Login(EcommerceInventory.Application.Features.Auth.Commands.Login.LoginCommand, System.Threading.CancellationToken) on controller EcommerceInventory.API.Controllers.AuthController (EcommerceInventory.API).
[22:45:39 WRN] You do not have a valid license key for the Lucky Penny software MediatR. This is allowed for development and testing scenarios. If you are running in production you are required to have a licensed version. Please visit https://luckypennysoftware.com to obtain a valid license.
[22:45:39 INF] Handling LoginCommand
[22:45:39 WRN] Compiling a query which loads related collections for more than one collection navigation, either via 'Include' or through projection, but no 'QuerySplittingBehavior' has been configured. By default, Entity Framework will use 'QuerySplittingBehavior.SingleQuery', which can potentially result in slow query performance. See https://go.microsoft.com/fwlink/?linkid=2134277 for more information. To identify the query that's triggering this warning call 'ConfigureWarnings(w => w.Throw(RelationalEventId.MultipleCollectionIncludeWarning))'.
[22:45:40 INF] Executed DbCommand (282ms) [Parameters=[@ToLower='?'], CommandType='Text', CommandTimeout='30']
SELECT u1."Id", u1."CloudinaryProfileId", u1."CreatedAt", u1."CreatedBy", u1."DeletedAt", u1."Email", u1."FullName", u1."IsEmailVerified", u1."LastLoginAt", u1."PasswordHash", u1."Phone", u1."ProfileImageUrl", u1."Status", u1."UpdatedAt", u1."UpdatedBy", s0."UserId", s0."RoleId", s0."AssignedAt", s0."AssignedBy", s0."Id", s0."CreatedAt", s0."Description", s0."HierarchyLevel", s0."IsSystemRole", s0."Name", s0."UpdatedAt", s0."RoleId0", s0."PermissionId", s0."Id0", s0."CreatedAt0", s0."Description0", s0."Module", s0."Name0", s0."UpdatedAt0"
FROM (
    SELECT u."Id", u."CloudinaryProfileId", u."CreatedAt", u."CreatedBy", u."DeletedAt", u."Email", u."FullName", u."IsEmailVerified", u."LastLoginAt", u."PasswordHash", u."Phone", u."ProfileImageUrl", u."Status", u."UpdatedAt", u."UpdatedBy"
    FROM users AS u
    WHERE u."DeletedAt" IS NULL AND u."Email" = @ToLower
    LIMIT 1
) AS u1
LEFT JOIN (
    SELECT u0."UserId", u0."RoleId", u0."AssignedAt", u0."AssignedBy", r."Id", r."CreatedAt", r."Description", r."HierarchyLevel", r."IsSystemRole", r."Name", r."UpdatedAt", s."RoleId" AS "RoleId0", s."PermissionId", s."Id" AS "Id0", s."CreatedAt" AS "CreatedAt0", s."Description" AS "Description0", s."Module", s."Name" AS "Name0", s."UpdatedAt" AS "UpdatedAt0"
    FROM user_roles AS u0
    INNER JOIN roles AS r ON u0."RoleId" = r."Id"
    LEFT JOIN (
        SELECT r0."RoleId", r0."PermissionId", p."Id", p."CreatedAt", p."Description", p."Module", p."Name", p."UpdatedAt"
        FROM role_permissions AS r0
        INNER JOIN permissions AS p ON r0."PermissionId" = p."Id"
    ) AS s ON r."Id" = s."RoleId"
) AS s0 ON u1."Id" = s0."UserId"
ORDER BY u1."Id", s0."UserId", s0."RoleId", s0."Id", s0."RoleId0", s0."PermissionId"
[22:45:41 INF] Executed DbCommand (247ms) [Parameters=[@p0='?' (DbType = Guid), @p1='?' (DbType = DateTime), @p2='?', @p3='?' (DbType = DateTime), @p4='?' (DbType = Boolean), @p5='?', @p6='?' (DbType = DateTime), @p7='?', @p8='?' (DbType = DateTime), @p9='?' (DbType = Guid)], CommandType='Text', CommandTimeout='30']
INSERT INTO refresh_tokens ("Id", "CreatedAt", "DeviceInfo", "ExpiresAt", "IsRevoked", "ReplacedBy", "RevokedAt", "Token", "UpdatedAt", "UserId")
VALUES (@p0, @p1, @p2, @p3, @p4, @p5, @p6, @p7, @p8, @p9);
[22:45:42 INF] Executed DbCommand (238ms) [Parameters=[@p2='?' (DbType = Guid), @p0='?' (DbType = DateTime), @p1='?' (DbType = DateTime)], CommandType='Text', CommandTimeout='30']
UPDATE users SET "LastLoginAt" = @p0, "UpdatedAt" = @p1
WHERE "Id" = @p2;
[22:45:42 INF] Handled LoginCommand
[22:45:42 INF] Executing OkObjectResult, writing value of type 'EcommerceInventory.Application.Common.Models.ApiResponse`1[[EcommerceInventory.Application.Features.Auth.DTOs.LoginResponseDto, EcommerceInventory.Application, Version=1.0.0.0, Culture=neutral, PublicKeyToken=null]]'.
[22:45:42 INF] Executed action EcommerceInventory.API.Controllers.AuthController.Login (EcommerceInventory.API) in 2851.2207ms
[22:45:42 INF] Executed endpoint 'EcommerceInventory.API.Controllers.AuthController.Login (EcommerceInventory.API)'
[22:45:42 INF] [bb1e7072-caad-4eda-a0c4-f4b437e31816] POST /api/v1/auth/login responded 200 in 3107.2144ms
[22:45:42 INF] Request finished HTTP/1.1 POST http://localhost:5255/api/v1/auth/login - 200 null application/json; charset=utf-8 3178.9788ms
[22:45:52 INF] Request starting HTTP/1.1 POST http://localhost:5255/api/v1/auth/login - application/json 67
[22:45:52 INF] [be6dce5f-ce61-4fe9-9299-22d471e78b81] POST /api/v1/auth/login 
[22:45:52 INF] Executing endpoint 'EcommerceInventory.API.Controllers.AuthController.Login (EcommerceInventory.API)'
[22:45:52 INF] Route matched with {action = "Login", controller = "Auth"}. Executing controller action with signature System.Threading.Tasks.Task`1[Microsoft.AspNetCore.Mvc.IActionResult] Login(EcommerceInventory.Application.Features.Auth.Commands.Login.LoginCommand, System.Threading.CancellationToken) on controller EcommerceInventory.API.Controllers.AuthController (EcommerceInventory.API).
[22:45:52 INF] Handling LoginCommand
[22:45:52 INF] Executed DbCommand (239ms) [Parameters=[@ToLower='?'], CommandType='Text', CommandTimeout='30']
SELECT u1."Id", u1."CloudinaryProfileId", u1."CreatedAt", u1."CreatedBy", u1."DeletedAt", u1."Email", u1."FullName", u1."IsEmailVerified", u1."LastLoginAt", u1."PasswordHash", u1."Phone", u1."ProfileImageUrl", u1."Status", u1."UpdatedAt", u1."UpdatedBy", s0."UserId", s0."RoleId", s0."AssignedAt", s0."AssignedBy", s0."Id", s0."CreatedAt", s0."Description", s0."HierarchyLevel", s0."IsSystemRole", s0."Name", s0."UpdatedAt", s0."RoleId0", s0."PermissionId", s0."Id0", s0."CreatedAt0", s0."Description0", s0."Module", s0."Name0", s0."UpdatedAt0"
FROM (
    SELECT u."Id", u."CloudinaryProfileId", u."CreatedAt", u."CreatedBy", u."DeletedAt", u."Email", u."FullName", u."IsEmailVerified", u."LastLoginAt", u."PasswordHash", u."Phone", u."ProfileImageUrl", u."Status", u."UpdatedAt", u."UpdatedBy"
    FROM users AS u
    WHERE u."DeletedAt" IS NULL AND u."Email" = @ToLower
    LIMIT 1
) AS u1
LEFT JOIN (
    SELECT u0."UserId", u0."RoleId", u0."AssignedAt", u0."AssignedBy", r."Id", r."CreatedAt", r."Description", r."HierarchyLevel", r."IsSystemRole", r."Name", r."UpdatedAt", s."RoleId" AS "RoleId0", s."PermissionId", s."Id" AS "Id0", s."CreatedAt" AS "CreatedAt0", s."Description" AS "Description0", s."Module", s."Name" AS "Name0", s."UpdatedAt" AS "UpdatedAt0"
    FROM user_roles AS u0
    INNER JOIN roles AS r ON u0."RoleId" = r."Id"
    LEFT JOIN (
        SELECT r0."RoleId", r0."PermissionId", p."Id", p."CreatedAt", p."Description", p."Module", p."Name", p."UpdatedAt"
        FROM role_permissions AS r0
        INNER JOIN permissions AS p ON r0."PermissionId" = p."Id"
    ) AS s ON r."Id" = s."RoleId"
) AS s0 ON u1."Id" = s0."UserId"
ORDER BY u1."Id", s0."UserId", s0."RoleId", s0."Id", s0."RoleId0", s0."PermissionId"
[22:45:53 INF] Executed DbCommand (254ms) [Parameters=[@p0='?' (DbType = Guid), @p1='?' (DbType = DateTime), @p2='?', @p3='?' (DbType = DateTime), @p4='?' (DbType = Boolean), @p5='?', @p6='?' (DbType = DateTime), @p7='?', @p8='?' (DbType = DateTime), @p9='?' (DbType = Guid)], CommandType='Text', CommandTimeout='30']
INSERT INTO refresh_tokens ("Id", "CreatedAt", "DeviceInfo", "ExpiresAt", "IsRevoked", "ReplacedBy", "RevokedAt", "Token", "UpdatedAt", "UserId")
VALUES (@p0, @p1, @p2, @p3, @p4, @p5, @p6, @p7, @p8, @p9);
[22:45:54 INF] Executed DbCommand (316ms) [Parameters=[@p2='?' (DbType = Guid), @p0='?' (DbType = DateTime), @p1='?' (DbType = DateTime)], CommandType='Text', CommandTimeout='30']
UPDATE users SET "LastLoginAt" = @p0, "UpdatedAt" = @p1
WHERE "Id" = @p2;
[22:45:54 INF] Handled LoginCommand
[22:45:54 INF] Executing OkObjectResult, writing value of type 'EcommerceInventory.Application.Common.Models.ApiResponse`1[[EcommerceInventory.Application.Features.Auth.DTOs.LoginResponseDto, EcommerceInventory.Application, Version=1.0.0.0, Culture=neutral, PublicKeyToken=null]]'.
[22:45:54 INF] Executed action EcommerceInventory.API.Controllers.AuthController.Login (EcommerceInventory.API) in 1566.7696ms
[22:45:54 INF] Executed endpoint 'EcommerceInventory.API.Controllers.AuthController.Login (EcommerceInventory.API)'
[22:45:54 INF] [be6dce5f-ce61-4fe9-9299-22d471e78b81] POST /api/v1/auth/login responded 200 in 1574.3628ms
[22:45:54 INF] Request finished HTTP/1.1 POST http://localhost:5255/api/v1/auth/login - 200 null application/json; charset=utf-8 1583.3586ms
[22:45:54 INF] Request starting HTTP/1.1 GET http://localhost:5255/api/v1/users - null null
[22:45:54 INF] [cf657382-9725-4d49-9862-f82920439e3e] GET /api/v1/users 
[22:45:54 INF] Executing endpoint 'EcommerceInventory.API.Controllers.UsersController.GetAllUsers (EcommerceInventory.API)'
[22:45:54 INF] Route matched with {action = "GetAllUsers", controller = "Users"}. Executing controller action with signature System.Threading.Tasks.Task`1[Microsoft.AspNetCore.Mvc.IActionResult] GetAllUsers(Int32, Int32, System.String, System.Threading.CancellationToken) on controller EcommerceInventory.API.Controllers.UsersController (EcommerceInventory.API).
[22:45:54 INF] Handling GetAllUsersQuery
[22:45:54 INF] Executed DbCommand (248ms) [Parameters=[], CommandType='Text', CommandTimeout='30']
SELECT count(*)::int
FROM users AS u
WHERE u."DeletedAt" IS NULL
[22:45:54 INF] Executed DbCommand (253ms) [Parameters=[@p1='?' (DbType = Int32), @p='?' (DbType = Int32)], CommandType='Text', CommandTimeout='30']
SELECT u1."Id", u1."CloudinaryProfileId", u1."CreatedAt", u1."CreatedBy", u1."DeletedAt", u1."Email", u1."FullName", u1."IsEmailVerified", u1."LastLoginAt", u1."PasswordHash", u1."Phone", u1."ProfileImageUrl", u1."Status", u1."UpdatedAt", u1."UpdatedBy", s."UserId", s."RoleId", s."AssignedAt", s."AssignedBy", s."Id", s."CreatedAt", s."Description", s."HierarchyLevel", s."IsSystemRole", s."Name", s."UpdatedAt"
FROM (
    SELECT u."Id", u."CloudinaryProfileId", u."CreatedAt", u."CreatedBy", u."DeletedAt", u."Email", u."FullName", u."IsEmailVerified", u."LastLoginAt", u."PasswordHash", u."Phone", u."ProfileImageUrl", u."Status", u."UpdatedAt", u."UpdatedBy"
    FROM users AS u
    WHERE u."DeletedAt" IS NULL
    ORDER BY u."FullName"
    LIMIT @p1 OFFSET @p
) AS u1
LEFT JOIN (
    SELECT u0."UserId", u0."RoleId", u0."AssignedAt", u0."AssignedBy", r."Id", r."CreatedAt", r."Description", r."HierarchyLevel", r."IsSystemRole", r."Name", r."UpdatedAt"
    FROM user_roles AS u0
    INNER JOIN roles AS r ON u0."RoleId" = r."Id"
) AS s ON u1."Id" = s."UserId"
ORDER BY u1."FullName", u1."Id", s."UserId", s."RoleId"
[22:45:54 INF] Handled GetAllUsersQuery
[22:45:54 INF] Executing OkObjectResult, writing value of type 'EcommerceInventory.Application.Common.Models.ApiResponse`1[[EcommerceInventory.Application.Common.Models.PagedResult`1[[EcommerceInventory.Application.Features.Users.DTOs.UserListDto, EcommerceInventory.Application, Version=1.0.0.0, Culture=neutral, PublicKeyToken=null]], EcommerceInventory.Application, Version=1.0.0.0, Culture=neutral, PublicKeyToken=null]]'.
[22:45:54 INF] Executed action EcommerceInventory.API.Controllers.UsersController.GetAllUsers (EcommerceInventory.API) in 650.6918ms
[22:45:54 INF] Executed endpoint 'EcommerceInventory.API.Controllers.UsersController.GetAllUsers (EcommerceInventory.API)'
[22:45:54 INF] [cf657382-9725-4d49-9862-f82920439e3e] GET /api/v1/users responded 200 in 731.1793ms
[22:45:54 INF] Request finished HTTP/1.1 GET http://localhost:5255/api/v1/users - 200 null application/json; charset=utf-8 738.4461ms
[22:45:54 INF] Request starting HTTP/1.1 POST http://localhost:5255/api/v1/users - application/json 99
[22:45:54 INF] [6693f318-1b21-4009-8632-b1467b12d0e6] POST /api/v1/users 
[22:45:54 INF] Executing endpoint 'EcommerceInventory.API.Controllers.UsersController.CreateUser (EcommerceInventory.API)'
[22:45:54 INF] Route matched with {action = "CreateUser", controller = "Users"}. Executing controller action with signature System.Threading.Tasks.Task`1[Microsoft.AspNetCore.Mvc.IActionResult] CreateUser(EcommerceInventory.Application.Features.Users.DTOs.CreateUserDto, System.Threading.CancellationToken) on controller EcommerceInventory.API.Controllers.UsersController (EcommerceInventory.API).
[22:45:55 INF] Handling CreateUserCommand
[22:45:55 INF] Executed DbCommand (242ms) [Parameters=[@ToLower='?'], CommandType='Text', CommandTimeout='30']
SELECT u."Id", u."CloudinaryProfileId", u."CreatedAt", u."CreatedBy", u."DeletedAt", u."Email", u."FullName", u."IsEmailVerified", u."LastLoginAt", u."PasswordHash", u."Phone", u."ProfileImageUrl", u."Status", u."UpdatedAt", u."UpdatedBy"
FROM users AS u
WHERE u."DeletedAt" IS NULL AND u."Email" = @ToLower
LIMIT 1
[22:45:55 INF] Executed DbCommand (247ms) [Parameters=[@p0='?' (DbType = Guid), @p1='?', @p2='?' (DbType = DateTime), @p3='?' (DbType = Guid), @p4='?' (DbType = DateTime), @p5='?', @p6='?', @p7='?' (DbType = Boolean), @p8='?' (DbType = DateTime), @p9='?', @p10='?', @p11='?', @p12='?', @p13='?' (DbType = DateTime), @p14='?' (DbType = Guid)], CommandType='Text', CommandTimeout='30']
INSERT INTO users ("Id", "CloudinaryProfileId", "CreatedAt", "CreatedBy", "DeletedAt", "Email", "FullName", "IsEmailVerified", "LastLoginAt", "PasswordHash", "Phone", "ProfileImageUrl", "Status", "UpdatedAt", "UpdatedBy")
VALUES (@p0, @p1, @p2, @p3, @p4, @p5, @p6, @p7, @p8, @p9, @p10, @p11, @p12, @p13, @p14);
[22:45:55 INF] Handled CreateUserCommand
[22:45:55 INF] Executing CreatedResult, writing value of type 'EcommerceInventory.Application.Common.Models.ApiResponse`1[[EcommerceInventory.Application.Features.Users.DTOs.UserResponseDto, EcommerceInventory.Application, Version=1.0.0.0, Culture=neutral, PublicKeyToken=null]]'.
[22:45:55 INF] Executed action EcommerceInventory.API.Controllers.UsersController.CreateUser (EcommerceInventory.API) in 838.9972ms
[22:45:55 INF] Executed endpoint 'EcommerceInventory.API.Controllers.UsersController.CreateUser (EcommerceInventory.API)'
[22:45:55 INF] [6693f318-1b21-4009-8632-b1467b12d0e6] POST /api/v1/users responded 201 in 859.1604ms
[22:45:55 INF] Request finished HTTP/1.1 POST http://localhost:5255/api/v1/users - 201 null application/json; charset=utf-8 859.6923ms
[22:45:55 INF] Request starting HTTP/1.1 GET http://localhost:5255/api/v1/users - null null
[22:45:55 INF] [70e1c72e-9746-42fd-a98f-e34d6d5983bf] GET /api/v1/users 
[22:45:55 INF] Executing endpoint 'EcommerceInventory.API.Controllers.UsersController.GetAllUsers (EcommerceInventory.API)'
[22:45:55 INF] Route matched with {action = "GetAllUsers", controller = "Users"}. Executing controller action with signature System.Threading.Tasks.Task`1[Microsoft.AspNetCore.Mvc.IActionResult] GetAllUsers(Int32, Int32, System.String, System.Threading.CancellationToken) on controller EcommerceInventory.API.Controllers.UsersController (EcommerceInventory.API).
[22:45:55 INF] Handling GetAllUsersQuery
[22:45:56 INF] Executed DbCommand (245ms) [Parameters=[], CommandType='Text', CommandTimeout='30']
SELECT count(*)::int
FROM users AS u
WHERE u."DeletedAt" IS NULL
[22:45:56 INF] Executed DbCommand (240ms) [Parameters=[@p1='?' (DbType = Int32), @p='?' (DbType = Int32)], CommandType='Text', CommandTimeout='30']
SELECT u1."Id", u1."CloudinaryProfileId", u1."CreatedAt", u1."CreatedBy", u1."DeletedAt", u1."Email", u1."FullName", u1."IsEmailVerified", u1."LastLoginAt", u1."PasswordHash", u1."Phone", u1."ProfileImageUrl", u1."Status", u1."UpdatedAt", u1."UpdatedBy", s."UserId", s."RoleId", s."AssignedAt", s."AssignedBy", s."Id", s."CreatedAt", s."Description", s."HierarchyLevel", s."IsSystemRole", s."Name", s."UpdatedAt"
FROM (
    SELECT u."Id", u."CloudinaryProfileId", u."CreatedAt", u."CreatedBy", u."DeletedAt", u."Email", u."FullName", u."IsEmailVerified", u."LastLoginAt", u."PasswordHash", u."Phone", u."ProfileImageUrl", u."Status", u."UpdatedAt", u."UpdatedBy"
    FROM users AS u
    WHERE u."DeletedAt" IS NULL
    ORDER BY u."FullName"
    LIMIT @p1 OFFSET @p
) AS u1
LEFT JOIN (
    SELECT u0."UserId", u0."RoleId", u0."AssignedAt", u0."AssignedBy", r."Id", r."CreatedAt", r."Description", r."HierarchyLevel", r."IsSystemRole", r."Name", r."UpdatedAt"
    FROM user_roles AS u0
    INNER JOIN roles AS r ON u0."RoleId" = r."Id"
) AS s ON u1."Id" = s."UserId"
ORDER BY u1."FullName", u1."Id", s."UserId", s."RoleId"
[22:45:56 INF] Handled GetAllUsersQuery
[22:45:56 INF] Executing OkObjectResult, writing value of type 'EcommerceInventory.Application.Common.Models.ApiResponse`1[[EcommerceInventory.Application.Common.Models.PagedResult`1[[EcommerceInventory.Application.Features.Users.DTOs.UserListDto, EcommerceInventory.Application, Version=1.0.0.0, Culture=neutral, PublicKeyToken=null]], EcommerceInventory.Application, Version=1.0.0.0, Culture=neutral, PublicKeyToken=null]]'.
[22:45:56 INF] Executed action EcommerceInventory.API.Controllers.UsersController.GetAllUsers (EcommerceInventory.API) in 489.6267ms
[22:45:56 INF] Executed endpoint 'EcommerceInventory.API.Controllers.UsersController.GetAllUsers (EcommerceInventory.API)'
[22:45:56 INF] [70e1c72e-9746-42fd-a98f-e34d6d5983bf] GET /api/v1/users responded 200 in 492.08ms
[22:45:56 INF] Request finished HTTP/1.1 GET http://localhost:5255/api/v1/users - 200 null application/json; charset=utf-8 496.4743ms
[22:48:51 INF] Request starting HTTP/1.1 POST http://localhost:5255/api/v1/auth/login - application/json 67
[22:48:51 INF] [93356b57-0835-4baf-8080-2de3a89a7956] POST /api/v1/auth/login 
[22:48:51 INF] Executing endpoint 'EcommerceInventory.API.Controllers.AuthController.Login (EcommerceInventory.API)'
[22:48:51 INF] Route matched with {action = "Login", controller = "Auth"}. Executing controller action with signature System.Threading.Tasks.Task`1[Microsoft.AspNetCore.Mvc.IActionResult] Login(EcommerceInventory.Application.Features.Auth.Commands.Login.LoginCommand, System.Threading.CancellationToken) on controller EcommerceInventory.API.Controllers.AuthController (EcommerceInventory.API).
[22:48:51 INF] Handling LoginCommand
[22:48:54 INF] Executed DbCommand (276ms) [Parameters=[@ToLower='?'], CommandType='Text', CommandTimeout='30']
SELECT u1."Id", u1."CloudinaryProfileId", u1."CreatedAt", u1."CreatedBy", u1."DeletedAt", u1."Email", u1."FullName", u1."IsEmailVerified", u1."LastLoginAt", u1."PasswordHash", u1."Phone", u1."ProfileImageUrl", u1."Status", u1."UpdatedAt", u1."UpdatedBy", s0."UserId", s0."RoleId", s0."AssignedAt", s0."AssignedBy", s0."Id", s0."CreatedAt", s0."Description", s0."HierarchyLevel", s0."IsSystemRole", s0."Name", s0."UpdatedAt", s0."RoleId0", s0."PermissionId", s0."Id0", s0."CreatedAt0", s0."Description0", s0."Module", s0."Name0", s0."UpdatedAt0"
FROM (
    SELECT u."Id", u."CloudinaryProfileId", u."CreatedAt", u."CreatedBy", u."DeletedAt", u."Email", u."FullName", u."IsEmailVerified", u."LastLoginAt", u."PasswordHash", u."Phone", u."ProfileImageUrl", u."Status", u."UpdatedAt", u."UpdatedBy"
    FROM users AS u
    WHERE u."DeletedAt" IS NULL AND u."Email" = @ToLower
    LIMIT 1
) AS u1
LEFT JOIN (
    SELECT u0."UserId", u0."RoleId", u0."AssignedAt", u0."AssignedBy", r."Id", r."CreatedAt", r."Description", r."HierarchyLevel", r."IsSystemRole", r."Name", r."UpdatedAt", s."RoleId" AS "RoleId0", s."PermissionId", s."Id" AS "Id0", s."CreatedAt" AS "CreatedAt0", s."Description" AS "Description0", s."Module", s."Name" AS "Name0", s."UpdatedAt" AS "UpdatedAt0"
    FROM user_roles AS u0
    INNER JOIN roles AS r ON u0."RoleId" = r."Id"
    LEFT JOIN (
        SELECT r0."RoleId", r0."PermissionId", p."Id", p."CreatedAt", p."Description", p."Module", p."Name", p."UpdatedAt"
        FROM role_permissions AS r0
        INNER JOIN permissions AS p ON r0."PermissionId" = p."Id"
    ) AS s ON r."Id" = s."RoleId"
) AS s0 ON u1."Id" = s0."UserId"
ORDER BY u1."Id", s0."UserId", s0."RoleId", s0."Id", s0."RoleId0", s0."PermissionId"
[22:48:54 INF] Executed DbCommand (269ms) [Parameters=[@p0='?' (DbType = Guid), @p1='?' (DbType = DateTime), @p2='?', @p3='?' (DbType = DateTime), @p4='?' (DbType = Boolean), @p5='?', @p6='?' (DbType = DateTime), @p7='?', @p8='?' (DbType = DateTime), @p9='?' (DbType = Guid)], CommandType='Text', CommandTimeout='30']
INSERT INTO refresh_tokens ("Id", "CreatedAt", "DeviceInfo", "ExpiresAt", "IsRevoked", "ReplacedBy", "RevokedAt", "Token", "UpdatedAt", "UserId")
VALUES (@p0, @p1, @p2, @p3, @p4, @p5, @p6, @p7, @p8, @p9);
[22:48:56 INF] Executed DbCommand (1,106ms) [Parameters=[@p2='?' (DbType = Guid), @p0='?' (DbType = DateTime), @p1='?' (DbType = DateTime)], CommandType='Text', CommandTimeout='30']
UPDATE users SET "LastLoginAt" = @p0, "UpdatedAt" = @p1
WHERE "Id" = @p2;
[22:48:56 INF] Handled LoginCommand
[22:48:56 INF] Executing OkObjectResult, writing value of type 'EcommerceInventory.Application.Common.Models.ApiResponse`1[[EcommerceInventory.Application.Features.Auth.DTOs.LoginResponseDto, EcommerceInventory.Application, Version=1.0.0.0, Culture=neutral, PublicKeyToken=null]]'.
[22:48:56 INF] Executed action EcommerceInventory.API.Controllers.AuthController.Login (EcommerceInventory.API) in 4203.3333ms
[22:48:56 INF] Executed endpoint 'EcommerceInventory.API.Controllers.AuthController.Login (EcommerceInventory.API)'
[22:48:56 INF] [93356b57-0835-4baf-8080-2de3a89a7956] POST /api/v1/auth/login responded 200 in 4203.9378ms
[22:48:56 INF] Request finished HTTP/1.1 POST http://localhost:5255/api/v1/auth/login - 200 null application/json; charset=utf-8 4204.775ms
[22:48:56 INF] Request starting HTTP/1.1 GET http://localhost:5255/api/v1/roles - null null
[22:48:56 INF] [ba5af24e-8db1-409c-ab11-bf06e598cdf0] GET /api/v1/roles 
[22:48:56 INF] [ba5af24e-8db1-409c-ab11-bf06e598cdf0] GET /api/v1/roles responded 404 in 0.6503ms
[22:48:56 INF] Request finished HTTP/1.1 GET http://localhost:5255/api/v1/roles - 404 0 null 1.2577ms
[22:48:56 INF] Request reached the end of the middleware pipeline without being handled by application code. Request path: GET http://localhost:5255/api/v1/roles, Response status code: 404
[22:48:56 INF] Request starting HTTP/1.1 GET http://localhost:5255/api/v1/users/31111111-0000-0000-0000-000000000001 - null null
[22:48:56 INF] [f4b45e14-930a-45f1-9b88-669b414b7f62] GET /api/v1/users/31111111-0000-0000-0000-000000000001 
[22:48:56 INF] Executing endpoint 'EcommerceInventory.API.Controllers.UsersController.GetUserById (EcommerceInventory.API)'
[22:48:56 INF] Route matched with {action = "GetUserById", controller = "Users"}. Executing controller action with signature System.Threading.Tasks.Task`1[Microsoft.AspNetCore.Mvc.IActionResult] GetUserById(System.Guid, System.Threading.CancellationToken) on controller EcommerceInventory.API.Controllers.UsersController (EcommerceInventory.API).
[22:48:56 INF] Handling GetUserByIdQuery
[22:48:57 INF] Executed DbCommand (276ms) [Parameters=[@request_UserId='?' (DbType = Guid)], CommandType='Text', CommandTimeout='30']
SELECT u1."Id", u1."CloudinaryProfileId", u1."CreatedAt", u1."CreatedBy", u1."DeletedAt", u1."Email", u1."FullName", u1."IsEmailVerified", u1."LastLoginAt", u1."PasswordHash", u1."Phone", u1."ProfileImageUrl", u1."Status", u1."UpdatedAt", u1."UpdatedBy", s."UserId", s."RoleId", s."AssignedAt", s."AssignedBy", s."Id", s."CreatedAt", s."Description", s."HierarchyLevel", s."IsSystemRole", s."Name", s."UpdatedAt"
FROM (
    SELECT u."Id", u."CloudinaryProfileId", u."CreatedAt", u."CreatedBy", u."DeletedAt", u."Email", u."FullName", u."IsEmailVerified", u."LastLoginAt", u."PasswordHash", u."Phone", u."ProfileImageUrl", u."Status", u."UpdatedAt", u."UpdatedBy"
    FROM users AS u
    WHERE u."DeletedAt" IS NULL AND u."Id" = @request_UserId
    LIMIT 1
) AS u1
LEFT JOIN (
    SELECT u0."UserId", u0."RoleId", u0."AssignedAt", u0."AssignedBy", r."Id", r."CreatedAt", r."Description", r."HierarchyLevel", r."IsSystemRole", r."Name", r."UpdatedAt"
    FROM user_roles AS u0
    INNER JOIN roles AS r ON u0."RoleId" = r."Id"
) AS s ON u1."Id" = s."UserId"
ORDER BY u1."Id", s."UserId", s."RoleId"
[22:48:57 INF] Handled GetUserByIdQuery
[22:48:57 INF] Executing OkObjectResult, writing value of type 'EcommerceInventory.Application.Common.Models.ApiResponse`1[[EcommerceInventory.Application.Features.Users.DTOs.UserResponseDto, EcommerceInventory.Application, Version=1.0.0.0, Culture=neutral, PublicKeyToken=null]]'.
[22:48:57 INF] Executed action EcommerceInventory.API.Controllers.UsersController.GetUserById (EcommerceInventory.API) in 335.7885ms
[22:48:57 INF] Executed endpoint 'EcommerceInventory.API.Controllers.UsersController.GetUserById (EcommerceInventory.API)'
[22:48:57 INF] [f4b45e14-930a-45f1-9b88-669b414b7f62] GET /api/v1/users/31111111-0000-0000-0000-000000000001 responded 200 in 349.4161ms
[22:48:57 INF] Request finished HTTP/1.1 GET http://localhost:5255/api/v1/users/31111111-0000-0000-0000-000000000001 - 200 null application/json; charset=utf-8 350.2396ms
[22:48:57 INF] Request starting HTTP/1.1 GET http://localhost:5255/api/v1/users/search?searchTerm=Test - null null
[22:48:57 INF] [a61d0218-46e2-4bcf-90f7-4f96f2f83a9e] GET /api/v1/users/search ?searchTerm=Test
[22:48:57 INF] Executing endpoint 'EcommerceInventory.API.Controllers.UsersController.SearchUsers (EcommerceInventory.API)'
[22:48:57 INF] Route matched with {action = "SearchUsers", controller = "Users"}. Executing controller action with signature System.Threading.Tasks.Task`1[Microsoft.AspNetCore.Mvc.IActionResult] SearchUsers(System.String, Int32, Int32, System.Threading.CancellationToken) on controller EcommerceInventory.API.Controllers.UsersController (EcommerceInventory.API).
[22:48:57 INF] Handling SearchUsersQuery
[22:48:57 INF] Executed DbCommand (300ms) [Parameters=[@searchTerm_contains='?', @searchTerm_contains0='?'], CommandType='Text', CommandTimeout='30']
SELECT count(*)::int
FROM users AS u
WHERE u."DeletedAt" IS NULL AND (lower(u."FullName") LIKE @searchTerm_contains OR lower(u."Email") LIKE @searchTerm_contains0)
[22:48:57 INF] Executed DbCommand (265ms) [Parameters=[@searchTerm_contains='?', @searchTerm_contains0='?', @p3='?' (DbType = Int32), @p='?' (DbType = Int32)], CommandType='Text', CommandTimeout='30']
SELECT u1."Id", u1."CloudinaryProfileId", u1."CreatedAt", u1."CreatedBy", u1."DeletedAt", u1."Email", u1."FullName", u1."IsEmailVerified", u1."LastLoginAt", u1."PasswordHash", u1."Phone", u1."ProfileImageUrl", u1."Status", u1."UpdatedAt", u1."UpdatedBy", s."UserId", s."RoleId", s."AssignedAt", s."AssignedBy", s."Id", s."CreatedAt", s."Description", s."HierarchyLevel", s."IsSystemRole", s."Name", s."UpdatedAt"
FROM (
    SELECT u."Id", u."CloudinaryProfileId", u."CreatedAt", u."CreatedBy", u."DeletedAt", u."Email", u."FullName", u."IsEmailVerified", u."LastLoginAt", u."PasswordHash", u."Phone", u."ProfileImageUrl", u."Status", u."UpdatedAt", u."UpdatedBy"
    FROM users AS u
    WHERE u."DeletedAt" IS NULL AND (lower(u."FullName") LIKE @searchTerm_contains OR lower(u."Email") LIKE @searchTerm_contains0)
    ORDER BY u."FullName"
    LIMIT @p3 OFFSET @p
) AS u1
LEFT JOIN (
    SELECT u0."UserId", u0."RoleId", u0."AssignedAt", u0."AssignedBy", r."Id", r."CreatedAt", r."Description", r."HierarchyLevel", r."IsSystemRole", r."Name", r."UpdatedAt"
    FROM user_roles AS u0
    INNER JOIN roles AS r ON u0."RoleId" = r."Id"
) AS s ON u1."Id" = s."UserId"
ORDER BY u1."FullName", u1."Id", s."UserId", s."RoleId"
[22:48:57 INF] Handled SearchUsersQuery
[22:48:57 INF] Executing OkObjectResult, writing value of type 'EcommerceInventory.Application.Common.Models.ApiResponse`1[[EcommerceInventory.Application.Common.Models.PagedResult`1[[EcommerceInventory.Application.Features.Users.DTOs.UserListDto, EcommerceInventory.Application, Version=1.0.0.0, Culture=neutral, PublicKeyToken=null]], EcommerceInventory.Application, Version=1.0.0.0, Culture=neutral, PublicKeyToken=null]]'.
[22:48:57 INF] Executed action EcommerceInventory.API.Controllers.UsersController.SearchUsers (EcommerceInventory.API) in 687.1962ms
[22:48:57 INF] Executed endpoint 'EcommerceInventory.API.Controllers.UsersController.SearchUsers (EcommerceInventory.API)'
[22:48:57 INF] [a61d0218-46e2-4bcf-90f7-4f96f2f83a9e] GET /api/v1/users/search responded 200 in 701.7299ms
[22:48:57 INF] Request finished HTTP/1.1 GET http://localhost:5255/api/v1/users/search?searchTerm=Test - 200 null application/json; charset=utf-8 702.3648ms
[22:48:57 INF] Request starting HTTP/1.1 POST http://localhost:5255/api/v1/users - application/json 83
[22:48:57 INF] [7c390267-f70a-4969-a728-e3ad817614d0] POST /api/v1/users 
[22:48:57 INF] Executing endpoint 'EcommerceInventory.API.Controllers.UsersController.CreateUser (EcommerceInventory.API)'
[22:48:57 INF] Route matched with {action = "CreateUser", controller = "Users"}. Executing controller action with signature System.Threading.Tasks.Task`1[Microsoft.AspNetCore.Mvc.IActionResult] CreateUser(EcommerceInventory.Application.Features.Users.DTOs.CreateUserDto, System.Threading.CancellationToken) on controller EcommerceInventory.API.Controllers.UsersController (EcommerceInventory.API).
[22:48:57 INF] Handling CreateUserCommand
[22:48:58 INF] Executed DbCommand (267ms) [Parameters=[@ToLower='?'], CommandType='Text', CommandTimeout='30']
SELECT u."Id", u."CloudinaryProfileId", u."CreatedAt", u."CreatedBy", u."DeletedAt", u."Email", u."FullName", u."IsEmailVerified", u."LastLoginAt", u."PasswordHash", u."Phone", u."ProfileImageUrl", u."Status", u."UpdatedAt", u."UpdatedBy"
FROM users AS u
WHERE u."DeletedAt" IS NULL AND u."Email" = @ToLower
LIMIT 1
[22:48:58 INF] Executed DbCommand (261ms) [Parameters=[@p0='?' (DbType = Guid), @p1='?', @p2='?' (DbType = DateTime), @p3='?' (DbType = Guid), @p4='?' (DbType = DateTime), @p5='?', @p6='?', @p7='?' (DbType = Boolean), @p8='?' (DbType = DateTime), @p9='?', @p10='?', @p11='?', @p12='?', @p13='?' (DbType = DateTime), @p14='?' (DbType = Guid)], CommandType='Text', CommandTimeout='30']
INSERT INTO users ("Id", "CloudinaryProfileId", "CreatedAt", "CreatedBy", "DeletedAt", "Email", "FullName", "IsEmailVerified", "LastLoginAt", "PasswordHash", "Phone", "ProfileImageUrl", "Status", "UpdatedAt", "UpdatedBy")
VALUES (@p0, @p1, @p2, @p3, @p4, @p5, @p6, @p7, @p8, @p9, @p10, @p11, @p12, @p13, @p14);
[22:48:58 INF] Handled CreateUserCommand
[22:48:58 INF] Executing CreatedResult, writing value of type 'EcommerceInventory.Application.Common.Models.ApiResponse`1[[EcommerceInventory.Application.Features.Users.DTOs.UserResponseDto, EcommerceInventory.Application, Version=1.0.0.0, Culture=neutral, PublicKeyToken=null]]'.
[22:48:58 INF] Executed action EcommerceInventory.API.Controllers.UsersController.CreateUser (EcommerceInventory.API) in 767.8398ms
[22:48:58 INF] Executed endpoint 'EcommerceInventory.API.Controllers.UsersController.CreateUser (EcommerceInventory.API)'
[22:48:58 INF] [7c390267-f70a-4969-a728-e3ad817614d0] POST /api/v1/users responded 201 in 768.9223ms
[22:48:58 INF] Request finished HTTP/1.1 POST http://localhost:5255/api/v1/users - 201 null application/json; charset=utf-8 769.3378ms
[22:48:58 INF] Request starting HTTP/1.1 POST http://localhost:5255/api/v1/users/72dc1bfc-ec89-4a80-962b-f82c3769cf63/roles - application/json 49
[22:48:58 INF] [babf3f52-c342-48fa-bd51-f96a1c359141] POST /api/v1/users/72dc1bfc-ec89-4a80-962b-f82c3769cf63/roles 
[22:48:58 INF] Executing endpoint 'EcommerceInventory.API.Controllers.UsersController.AssignRole (EcommerceInventory.API)'
[22:48:58 INF] Route matched with {action = "AssignRole", controller = "Users"}. Executing controller action with signature System.Threading.Tasks.Task`1[Microsoft.AspNetCore.Mvc.IActionResult] AssignRole(System.Guid, EcommerceInventory.Application.Features.Users.DTOs.AssignRoleDto, System.Threading.CancellationToken) on controller EcommerceInventory.API.Controllers.UsersController (EcommerceInventory.API).
[22:48:58 INF] Handling AssignRoleCommand
[22:48:59 INF] Executed DbCommand (661ms) [Parameters=[@p='?' (DbType = Guid)], CommandType='Text', CommandTimeout='30']
SELECT u."Id", u."CloudinaryProfileId", u."CreatedAt", u."CreatedBy", u."DeletedAt", u."Email", u."FullName", u."IsEmailVerified", u."LastLoginAt", u."PasswordHash", u."Phone", u."ProfileImageUrl", u."Status", u."UpdatedAt", u."UpdatedBy"
FROM users AS u
WHERE u."DeletedAt" IS NULL AND u."Id" = @p
LIMIT 1
[22:48:59 INF] Executed DbCommand (283ms) [Parameters=[@p='?' (DbType = Guid)], CommandType='Text', CommandTimeout='30']
SELECT r."Id", r."CreatedAt", r."Description", r."HierarchyLevel", r."IsSystemRole", r."Name", r."UpdatedAt"
FROM roles AS r
WHERE r."Id" = @p
LIMIT 1
[22:49:00 INF] Executed DbCommand (272ms) [Parameters=[@p0='?' (DbType = Guid), @p1='?' (DbType = Guid), @p2='?' (DbType = DateTime), @p3='?' (DbType = Guid), @p18='?' (DbType = Guid), @p4='?', @p5='?' (DbType = DateTime), @p6='?' (DbType = Guid), @p7='?' (DbType = DateTime), @p8='?', @p9='?', @p10='?' (DbType = Boolean), @p11='?' (DbType = DateTime), @p12='?', @p13='?', @p14='?', @p15='?', @p16='?' (DbType = DateTime), @p17='?' (DbType = Guid)], CommandType='Text', CommandTimeout='30']
INSERT INTO user_roles ("RoleId", "UserId", "AssignedAt", "AssignedBy")
VALUES (@p0, @p1, @p2, @p3);
UPDATE users SET "CloudinaryProfileId" = @p4, "CreatedAt" = @p5, "CreatedBy" = @p6, "DeletedAt" = @p7, "Email" = @p8, "FullName" = @p9, "IsEmailVerified" = @p10, "LastLoginAt" = @p11, "PasswordHash" = @p12, "Phone" = @p13, "ProfileImageUrl" = @p14, "Status" = @p15, "UpdatedAt" = @p16, "UpdatedBy" = @p17
WHERE "Id" = @p18;
[22:49:00 INF] Handled AssignRoleCommand
[22:49:00 INF] Executing OkObjectResult, writing value of type 'EcommerceInventory.Application.Common.Models.ApiResponse`1[[System.Object, System.Private.CoreLib, Version=10.0.0.0, Culture=neutral, PublicKeyToken=7cec85d7bea7798e]]'.
[22:49:00 INF] Executed action EcommerceInventory.API.Controllers.UsersController.AssignRole (EcommerceInventory.API) in 1851.078ms
[22:49:00 INF] Executed endpoint 'EcommerceInventory.API.Controllers.UsersController.AssignRole (EcommerceInventory.API)'
[22:49:00 INF] [babf3f52-c342-48fa-bd51-f96a1c359141] POST /api/v1/users/72dc1bfc-ec89-4a80-962b-f82c3769cf63/roles responded 200 in 1896.1805ms
[22:49:00 INF] Request finished HTTP/1.1 POST http://localhost:5255/api/v1/users/72dc1bfc-ec89-4a80-962b-f82c3769cf63/roles - 200 null application/json; charset=utf-8 1896.8099ms
[22:49:00 INF] Request starting HTTP/1.1 GET http://localhost:5255/api/v1/users/72dc1bfc-ec89-4a80-962b-f82c3769cf63 - null null
[22:49:00 INF] [905ffe29-025d-44a7-a13d-34f8468763c3] GET /api/v1/users/72dc1bfc-ec89-4a80-962b-f82c3769cf63 
[22:49:00 INF] Executing endpoint 'EcommerceInventory.API.Controllers.UsersController.GetUserById (EcommerceInventory.API)'
[22:49:00 INF] Route matched with {action = "GetUserById", controller = "Users"}. Executing controller action with signature System.Threading.Tasks.Task`1[Microsoft.AspNetCore.Mvc.IActionResult] GetUserById(System.Guid, System.Threading.CancellationToken) on controller EcommerceInventory.API.Controllers.UsersController (EcommerceInventory.API).
[22:49:00 INF] Handling GetUserByIdQuery
[22:49:00 INF] Executed DbCommand (280ms) [Parameters=[@request_UserId='?' (DbType = Guid)], CommandType='Text', CommandTimeout='30']
SELECT u1."Id", u1."CloudinaryProfileId", u1."CreatedAt", u1."CreatedBy", u1."DeletedAt", u1."Email", u1."FullName", u1."IsEmailVerified", u1."LastLoginAt", u1."PasswordHash", u1."Phone", u1."ProfileImageUrl", u1."Status", u1."UpdatedAt", u1."UpdatedBy", s."UserId", s."RoleId", s."AssignedAt", s."AssignedBy", s."Id", s."CreatedAt", s."Description", s."HierarchyLevel", s."IsSystemRole", s."Name", s."UpdatedAt"
FROM (
    SELECT u."Id", u."CloudinaryProfileId", u."CreatedAt", u."CreatedBy", u."DeletedAt", u."Email", u."FullName", u."IsEmailVerified", u."LastLoginAt", u."PasswordHash", u."Phone", u."ProfileImageUrl", u."Status", u."UpdatedAt", u."UpdatedBy"
    FROM users AS u
    WHERE u."DeletedAt" IS NULL AND u."Id" = @request_UserId
    LIMIT 1
) AS u1
LEFT JOIN (
    SELECT u0."UserId", u0."RoleId", u0."AssignedAt", u0."AssignedBy", r."Id", r."CreatedAt", r."Description", r."HierarchyLevel", r."IsSystemRole", r."Name", r."UpdatedAt"
    FROM user_roles AS u0
    INNER JOIN roles AS r ON u0."RoleId" = r."Id"
) AS s ON u1."Id" = s."UserId"
ORDER BY u1."Id", s."UserId", s."RoleId"
[22:49:00 INF] Handled GetUserByIdQuery
[22:49:00 INF] Executing OkObjectResult, writing value of type 'EcommerceInventory.Application.Common.Models.ApiResponse`1[[EcommerceInventory.Application.Features.Users.DTOs.UserResponseDto, EcommerceInventory.Application, Version=1.0.0.0, Culture=neutral, PublicKeyToken=null]]'.
[22:49:00 INF] Executed action EcommerceInventory.API.Controllers.UsersController.GetUserById (EcommerceInventory.API) in 283.5858ms
[22:49:00 INF] Executed endpoint 'EcommerceInventory.API.Controllers.UsersController.GetUserById (EcommerceInventory.API)'
[22:49:00 INF] [905ffe29-025d-44a7-a13d-34f8468763c3] GET /api/v1/users/72dc1bfc-ec89-4a80-962b-f82c3769cf63 responded 200 in 284.842ms
[22:49:00 INF] Request finished HTTP/1.1 GET http://localhost:5255/api/v1/users/72dc1bfc-ec89-4a80-962b-f82c3769cf63 - 200 null application/json; charset=utf-8 285.1859ms
[22:49:00 INF] Request starting HTTP/1.1 PATCH http://localhost:5255/api/v1/users/72dc1bfc-ec89-4a80-962b-f82c3769cf63/deactivate - null 0
[22:49:00 INF] [ef55208c-3b1b-439c-bd17-6468c1c41eab] PATCH /api/v1/users/72dc1bfc-ec89-4a80-962b-f82c3769cf63/deactivate 
[22:49:00 INF] Executing endpoint 'EcommerceInventory.API.Controllers.UsersController.DeactivateUser (EcommerceInventory.API)'
[22:49:00 INF] Route matched with {action = "DeactivateUser", controller = "Users"}. Executing controller action with signature System.Threading.Tasks.Task`1[Microsoft.AspNetCore.Mvc.IActionResult] DeactivateUser(System.Guid, System.Threading.CancellationToken) on controller EcommerceInventory.API.Controllers.UsersController (EcommerceInventory.API).
[22:49:00 INF] Handling DeactivateUserCommand
[22:49:01 INF] Executed DbCommand (278ms) [Parameters=[@p='?' (DbType = Guid)], CommandType='Text', CommandTimeout='30']
SELECT u."Id", u."CloudinaryProfileId", u."CreatedAt", u."CreatedBy", u."DeletedAt", u."Email", u."FullName", u."IsEmailVerified", u."LastLoginAt", u."PasswordHash", u."Phone", u."ProfileImageUrl", u."Status", u."UpdatedAt", u."UpdatedBy"
FROM users AS u
WHERE u."DeletedAt" IS NULL AND u."Id" = @p
LIMIT 1
[22:49:02 INF] Executed DbCommand (1,095ms) [Parameters=[@p14='?' (DbType = Guid), @p0='?', @p1='?' (DbType = DateTime), @p2='?' (DbType = Guid), @p3='?' (DbType = DateTime), @p4='?', @p5='?', @p6='?' (DbType = Boolean), @p7='?' (DbType = DateTime), @p8='?', @p9='?', @p10='?', @p11='?', @p12='?' (DbType = DateTime), @p13='?' (DbType = Guid)], CommandType='Text', CommandTimeout='30']
UPDATE users SET "CloudinaryProfileId" = @p0, "CreatedAt" = @p1, "CreatedBy" = @p2, "DeletedAt" = @p3, "Email" = @p4, "FullName" = @p5, "IsEmailVerified" = @p6, "LastLoginAt" = @p7, "PasswordHash" = @p8, "Phone" = @p9, "ProfileImageUrl" = @p10, "Status" = @p11, "UpdatedAt" = @p12, "UpdatedBy" = @p13
WHERE "Id" = @p14;
[22:49:02 INF] Handled DeactivateUserCommand
[22:49:02 INF] Executing OkObjectResult, writing value of type 'EcommerceInventory.Application.Common.Models.ApiResponse`1[[System.Object, System.Private.CoreLib, Version=10.0.0.0, Culture=neutral, PublicKeyToken=7cec85d7bea7798e]]'.
[22:49:02 INF] Executed action EcommerceInventory.API.Controllers.UsersController.DeactivateUser (EcommerceInventory.API) in 1382.2412ms
[22:49:02 INF] Executed endpoint 'EcommerceInventory.API.Controllers.UsersController.DeactivateUser (EcommerceInventory.API)'
[22:49:02 INF] [ef55208c-3b1b-439c-bd17-6468c1c41eab] PATCH /api/v1/users/72dc1bfc-ec89-4a80-962b-f82c3769cf63/deactivate responded 200 in 1396.1283ms
[22:49:02 INF] Request finished HTTP/1.1 PATCH http://localhost:5255/api/v1/users/72dc1bfc-ec89-4a80-962b-f82c3769cf63/deactivate - 200 null application/json; charset=utf-8 1397.8745ms
[22:49:02 INF] Request starting HTTP/1.1 GET http://localhost:5255/api/v1/users/72dc1bfc-ec89-4a80-962b-f82c3769cf63 - null null
[22:49:02 INF] [3aeecca5-fbda-48ea-8896-8f71a80c2c15] GET /api/v1/users/72dc1bfc-ec89-4a80-962b-f82c3769cf63 
[22:49:02 INF] Executing endpoint 'EcommerceInventory.API.Controllers.UsersController.GetUserById (EcommerceInventory.API)'
[22:49:02 INF] Route matched with {action = "GetUserById", controller = "Users"}. Executing controller action with signature System.Threading.Tasks.Task`1[Microsoft.AspNetCore.Mvc.IActionResult] GetUserById(System.Guid, System.Threading.CancellationToken) on controller EcommerceInventory.API.Controllers.UsersController (EcommerceInventory.API).
[22:49:02 INF] Handling GetUserByIdQuery
[22:49:02 INF] Executed DbCommand (272ms) [Parameters=[@request_UserId='?' (DbType = Guid)], CommandType='Text', CommandTimeout='30']
SELECT u1."Id", u1."CloudinaryProfileId", u1."CreatedAt", u1."CreatedBy", u1."DeletedAt", u1."Email", u1."FullName", u1."IsEmailVerified", u1."LastLoginAt", u1."PasswordHash", u1."Phone", u1."ProfileImageUrl", u1."Status", u1."UpdatedAt", u1."UpdatedBy", s."UserId", s."RoleId", s."AssignedAt", s."AssignedBy", s."Id", s."CreatedAt", s."Description", s."HierarchyLevel", s."IsSystemRole", s."Name", s."UpdatedAt"
FROM (
    SELECT u."Id", u."CloudinaryProfileId", u."CreatedAt", u."CreatedBy", u."DeletedAt", u."Email", u."FullName", u."IsEmailVerified", u."LastLoginAt", u."PasswordHash", u."Phone", u."ProfileImageUrl", u."Status", u."UpdatedAt", u."UpdatedBy"
    FROM users AS u
    WHERE u."DeletedAt" IS NULL AND u."Id" = @request_UserId
    LIMIT 1
) AS u1
LEFT JOIN (
    SELECT u0."UserId", u0."RoleId", u0."AssignedAt", u0."AssignedBy", r."Id", r."CreatedAt", r."Description", r."HierarchyLevel", r."IsSystemRole", r."Name", r."UpdatedAt"
    FROM user_roles AS u0
    INNER JOIN roles AS r ON u0."RoleId" = r."Id"
) AS s ON u1."Id" = s."UserId"
ORDER BY u1."Id", s."UserId", s."RoleId"
[22:49:02 INF] Handled GetUserByIdQuery
[22:49:02 INF] Executing OkObjectResult, writing value of type 'EcommerceInventory.Application.Common.Models.ApiResponse`1[[EcommerceInventory.Application.Features.Users.DTOs.UserResponseDto, EcommerceInventory.Application, Version=1.0.0.0, Culture=neutral, PublicKeyToken=null]]'.
[22:49:02 INF] Executed action EcommerceInventory.API.Controllers.UsersController.GetUserById (EcommerceInventory.API) in 283.5271ms
[22:49:02 INF] Executed endpoint 'EcommerceInventory.API.Controllers.UsersController.GetUserById (EcommerceInventory.API)'
[22:49:02 INF] [3aeecca5-fbda-48ea-8896-8f71a80c2c15] GET /api/v1/users/72dc1bfc-ec89-4a80-962b-f82c3769cf63 responded 200 in 286.5577ms
[22:49:02 INF] Request finished HTTP/1.1 GET http://localhost:5255/api/v1/users/72dc1bfc-ec89-4a80-962b-f82c3769cf63 - 200 null application/json; charset=utf-8 286.9509ms
[22:49:02 INF] Request starting HTTP/1.1 PATCH http://localhost:5255/api/v1/users/72dc1bfc-ec89-4a80-962b-f82c3769cf63/activate - null 0
[22:49:02 INF] [70b8c81a-c532-42bf-99fc-f0f6f7590da9] PATCH /api/v1/users/72dc1bfc-ec89-4a80-962b-f82c3769cf63/activate 
[22:49:02 INF] Executing endpoint 'EcommerceInventory.API.Controllers.UsersController.ActivateUser (EcommerceInventory.API)'
[22:49:02 INF] Route matched with {action = "ActivateUser", controller = "Users"}. Executing controller action with signature System.Threading.Tasks.Task`1[Microsoft.AspNetCore.Mvc.IActionResult] ActivateUser(System.Guid, System.Threading.CancellationToken) on controller EcommerceInventory.API.Controllers.UsersController (EcommerceInventory.API).
[22:49:02 INF] Handling ActivateUserCommand
[22:49:03 INF] Executed DbCommand (537ms) [Parameters=[@p='?' (DbType = Guid)], CommandType='Text', CommandTimeout='30']
SELECT u."Id", u."CloudinaryProfileId", u."CreatedAt", u."CreatedBy", u."DeletedAt", u."Email", u."FullName", u."IsEmailVerified", u."LastLoginAt", u."PasswordHash", u."Phone", u."ProfileImageUrl", u."Status", u."UpdatedAt", u."UpdatedBy"
FROM users AS u
WHERE u."DeletedAt" IS NULL AND u."Id" = @p
LIMIT 1
[22:49:03 INF] Executed DbCommand (266ms) [Parameters=[@p14='?' (DbType = Guid), @p0='?', @p1='?' (DbType = DateTime), @p2='?' (DbType = Guid), @p3='?' (DbType = DateTime), @p4='?', @p5='?', @p6='?' (DbType = Boolean), @p7='?' (DbType = DateTime), @p8='?', @p9='?', @p10='?', @p11='?', @p12='?' (DbType = DateTime), @p13='?' (DbType = Guid)], CommandType='Text', CommandTimeout='30']
UPDATE users SET "CloudinaryProfileId" = @p0, "CreatedAt" = @p1, "CreatedBy" = @p2, "DeletedAt" = @p3, "Email" = @p4, "FullName" = @p5, "IsEmailVerified" = @p6, "LastLoginAt" = @p7, "PasswordHash" = @p8, "Phone" = @p9, "ProfileImageUrl" = @p10, "Status" = @p11, "UpdatedAt" = @p12, "UpdatedBy" = @p13
WHERE "Id" = @p14;
[22:49:03 INF] Handled ActivateUserCommand
[22:49:03 INF] Executing OkObjectResult, writing value of type 'EcommerceInventory.Application.Common.Models.ApiResponse`1[[System.Object, System.Private.CoreLib, Version=10.0.0.0, Culture=neutral, PublicKeyToken=7cec85d7bea7798e]]'.
[22:49:03 INF] Executed action EcommerceInventory.API.Controllers.UsersController.ActivateUser (EcommerceInventory.API) in 817.94ms
[22:49:03 INF] Executed endpoint 'EcommerceInventory.API.Controllers.UsersController.ActivateUser (EcommerceInventory.API)'
[22:49:03 INF] [70b8c81a-c532-42bf-99fc-f0f6f7590da9] PATCH /api/v1/users/72dc1bfc-ec89-4a80-962b-f82c3769cf63/activate responded 200 in 830.6503ms
[22:49:03 INF] Request finished HTTP/1.1 PATCH http://localhost:5255/api/v1/users/72dc1bfc-ec89-4a80-962b-f82c3769cf63/activate - 200 null application/json; charset=utf-8 830.9947ms
[22:49:03 INF] Request starting HTTP/1.1 GET http://localhost:5255/api/v1/users/72dc1bfc-ec89-4a80-962b-f82c3769cf63 - null null
[22:49:03 INF] [b34b4c37-8d84-4c47-84e4-dedb75b246d0] GET /api/v1/users/72dc1bfc-ec89-4a80-962b-f82c3769cf63 
[22:49:03 INF] Executing endpoint 'EcommerceInventory.API.Controllers.UsersController.GetUserById (EcommerceInventory.API)'
[22:49:03 INF] Route matched with {action = "GetUserById", controller = "Users"}. Executing controller action with signature System.Threading.Tasks.Task`1[Microsoft.AspNetCore.Mvc.IActionResult] GetUserById(System.Guid, System.Threading.CancellationToken) on controller EcommerceInventory.API.Controllers.UsersController (EcommerceInventory.API).
[22:49:03 INF] Handling GetUserByIdQuery
[22:49:03 INF] Executed DbCommand (296ms) [Parameters=[@request_UserId='?' (DbType = Guid)], CommandType='Text', CommandTimeout='30']
SELECT u1."Id", u1."CloudinaryProfileId", u1."CreatedAt", u1."CreatedBy", u1."DeletedAt", u1."Email", u1."FullName", u1."IsEmailVerified", u1."LastLoginAt", u1."PasswordHash", u1."Phone", u1."ProfileImageUrl", u1."Status", u1."UpdatedAt", u1."UpdatedBy", s."UserId", s."RoleId", s."AssignedAt", s."AssignedBy", s."Id", s."CreatedAt", s."Description", s."HierarchyLevel", s."IsSystemRole", s."Name", s."UpdatedAt"
FROM (
    SELECT u."Id", u."CloudinaryProfileId", u."CreatedAt", u."CreatedBy", u."DeletedAt", u."Email", u."FullName", u."IsEmailVerified", u."LastLoginAt", u."PasswordHash", u."Phone", u."ProfileImageUrl", u."Status", u."UpdatedAt", u."UpdatedBy"
    FROM users AS u
    WHERE u."DeletedAt" IS NULL AND u."Id" = @request_UserId
    LIMIT 1
) AS u1
LEFT JOIN (
    SELECT u0."UserId", u0."RoleId", u0."AssignedAt", u0."AssignedBy", r."Id", r."CreatedAt", r."Description", r."HierarchyLevel", r."IsSystemRole", r."Name", r."UpdatedAt"
    FROM user_roles AS u0
    INNER JOIN roles AS r ON u0."RoleId" = r."Id"
) AS s ON u1."Id" = s."UserId"
ORDER BY u1."Id", s."UserId", s."RoleId"
[22:49:03 INF] Handled GetUserByIdQuery
[22:49:03 INF] Executing OkObjectResult, writing value of type 'EcommerceInventory.Application.Common.Models.ApiResponse`1[[EcommerceInventory.Application.Features.Users.DTOs.UserResponseDto, EcommerceInventory.Application, Version=1.0.0.0, Culture=neutral, PublicKeyToken=null]]'.
[22:49:03 INF] Executed action EcommerceInventory.API.Controllers.UsersController.GetUserById (EcommerceInventory.API) in 298.2816ms
[22:49:03 INF] Executed endpoint 'EcommerceInventory.API.Controllers.UsersController.GetUserById (EcommerceInventory.API)'
[22:49:03 INF] [b34b4c37-8d84-4c47-84e4-dedb75b246d0] GET /api/v1/users/72dc1bfc-ec89-4a80-962b-f82c3769cf63 responded 200 in 299.0751ms
[22:49:03 INF] Request finished HTTP/1.1 GET http://localhost:5255/api/v1/users/72dc1bfc-ec89-4a80-962b-f82c3769cf63 - 200 null application/json; charset=utf-8 299.4593ms
[22:49:03 INF] Request starting HTTP/1.1 DELETE http://localhost:5255/api/v1/users/72dc1bfc-ec89-4a80-962b-f82c3769cf63/roles/11111111-0000-0000-0000-000000000003 - null 0
[22:49:03 INF] [669f05f5-32e5-4043-899d-43e6fefc968a] DELETE /api/v1/users/72dc1bfc-ec89-4a80-962b-f82c3769cf63/roles/11111111-0000-0000-0000-000000000003 
[22:49:03 INF] Executing endpoint 'EcommerceInventory.API.Controllers.UsersController.RemoveRole (EcommerceInventory.API)'
[22:49:03 INF] Route matched with {action = "RemoveRole", controller = "Users"}. Executing controller action with signature System.Threading.Tasks.Task`1[Microsoft.AspNetCore.Mvc.IActionResult] RemoveRole(System.Guid, System.Guid, System.Threading.CancellationToken) on controller EcommerceInventory.API.Controllers.UsersController (EcommerceInventory.API).
[22:49:03 INF] Handling RemoveRoleCommand
[22:49:04 INF] Executed DbCommand (546ms) [Parameters=[@request_UserId='?' (DbType = Guid)], CommandType='Text', CommandTimeout='30']
SELECT u1."Id", u1."CloudinaryProfileId", u1."CreatedAt", u1."CreatedBy", u1."DeletedAt", u1."Email", u1."FullName", u1."IsEmailVerified", u1."LastLoginAt", u1."PasswordHash", u1."Phone", u1."ProfileImageUrl", u1."Status", u1."UpdatedAt", u1."UpdatedBy", u0."UserId", u0."RoleId", u0."AssignedAt", u0."AssignedBy"
FROM (
    SELECT u."Id", u."CloudinaryProfileId", u."CreatedAt", u."CreatedBy", u."DeletedAt", u."Email", u."FullName", u."IsEmailVerified", u."LastLoginAt", u."PasswordHash", u."Phone", u."ProfileImageUrl", u."Status", u."UpdatedAt", u."UpdatedBy"
    FROM users AS u
    WHERE u."DeletedAt" IS NULL AND u."Id" = @request_UserId
    LIMIT 1
) AS u1
LEFT JOIN user_roles AS u0 ON u1."Id" = u0."UserId"
ORDER BY u1."Id", u0."UserId"
[22:49:04 INF] Executed DbCommand (281ms) [Parameters=[@p0='?' (DbType = Guid), @p1='?' (DbType = Guid), @p16='?' (DbType = Guid), @p2='?', @p3='?' (DbType = DateTime), @p4='?' (DbType = Guid), @p5='?' (DbType = DateTime), @p6='?', @p7='?', @p8='?' (DbType = Boolean), @p9='?' (DbType = DateTime), @p10='?', @p11='?', @p12='?', @p13='?', @p14='?' (DbType = DateTime), @p15='?' (DbType = Guid)], CommandType='Text', CommandTimeout='30']
DELETE FROM user_roles
WHERE "RoleId" = @p0 AND "UserId" = @p1;
UPDATE users SET "CloudinaryProfileId" = @p2, "CreatedAt" = @p3, "CreatedBy" = @p4, "DeletedAt" = @p5, "Email" = @p6, "FullName" = @p7, "IsEmailVerified" = @p8, "LastLoginAt" = @p9, "PasswordHash" = @p10, "Phone" = @p11, "ProfileImageUrl" = @p12, "Status" = @p13, "UpdatedAt" = @p14, "UpdatedBy" = @p15
WHERE "Id" = @p16;
[22:49:04 INF] Handled RemoveRoleCommand
[22:49:04 INF] Executing OkObjectResult, writing value of type 'EcommerceInventory.Application.Common.Models.ApiResponse`1[[System.Object, System.Private.CoreLib, Version=10.0.0.0, Culture=neutral, PublicKeyToken=7cec85d7bea7798e]]'.
[22:49:04 INF] Executed action EcommerceInventory.API.Controllers.UsersController.RemoveRole (EcommerceInventory.API) in 1201.3525ms
[22:49:04 INF] Executed endpoint 'EcommerceInventory.API.Controllers.UsersController.RemoveRole (EcommerceInventory.API)'
[22:49:04 INF] [669f05f5-32e5-4043-899d-43e6fefc968a] DELETE /api/v1/users/72dc1bfc-ec89-4a80-962b-f82c3769cf63/roles/11111111-0000-0000-0000-000000000003 responded 200 in 1209.7029ms
[22:49:04 INF] Request finished HTTP/1.1 DELETE http://localhost:5255/api/v1/users/72dc1bfc-ec89-4a80-962b-f82c3769cf63/roles/11111111-0000-0000-0000-000000000003 - 200 null application/json; charset=utf-8 1210.4022ms
[22:49:04 INF] Request starting HTTP/1.1 PUT http://localhost:5255/api/v1/users/72dc1bfc-ec89-4a80-962b-f82c3769cf63 - application/json 49
[22:49:04 INF] [8c18c10f-b8f8-44bc-b00b-b4774b26a3e9] PUT /api/v1/users/72dc1bfc-ec89-4a80-962b-f82c3769cf63 
[22:49:04 INF] Executing endpoint 'EcommerceInventory.API.Controllers.UsersController.UpdateUser (EcommerceInventory.API)'
[22:49:04 INF] Route matched with {action = "UpdateUser", controller = "Users"}. Executing controller action with signature System.Threading.Tasks.Task`1[Microsoft.AspNetCore.Mvc.IActionResult] UpdateUser(System.Guid, EcommerceInventory.Application.Features.Users.DTOs.UpdateUserDto, System.Threading.CancellationToken) on controller EcommerceInventory.API.Controllers.UsersController (EcommerceInventory.API).
[22:49:05 INF] Handling UpdateUserCommand
[22:49:05 INF] Executed DbCommand (270ms) [Parameters=[@p='?' (DbType = Guid)], CommandType='Text', CommandTimeout='30']
SELECT u."Id", u."CloudinaryProfileId", u."CreatedAt", u."CreatedBy", u."DeletedAt", u."Email", u."FullName", u."IsEmailVerified", u."LastLoginAt", u."PasswordHash", u."Phone", u."ProfileImageUrl", u."Status", u."UpdatedAt", u."UpdatedBy"
FROM users AS u
WHERE u."DeletedAt" IS NULL AND u."Id" = @p
LIMIT 1
[22:49:05 INF] Executed DbCommand (287ms) [Parameters=[@p14='?' (DbType = Guid), @p0='?', @p1='?' (DbType = DateTime), @p2='?' (DbType = Guid), @p3='?' (DbType = DateTime), @p4='?', @p5='?', @p6='?' (DbType = Boolean), @p7='?' (DbType = DateTime), @p8='?', @p9='?', @p10='?', @p11='?', @p12='?' (DbType = DateTime), @p13='?' (DbType = Guid)], CommandType='Text', CommandTimeout='30']
UPDATE users SET "CloudinaryProfileId" = @p0, "CreatedAt" = @p1, "CreatedBy" = @p2, "DeletedAt" = @p3, "Email" = @p4, "FullName" = @p5, "IsEmailVerified" = @p6, "LastLoginAt" = @p7, "PasswordHash" = @p8, "Phone" = @p9, "ProfileImageUrl" = @p10, "Status" = @p11, "UpdatedAt" = @p12, "UpdatedBy" = @p13
WHERE "Id" = @p14;
[22:49:05 INF] Handled UpdateUserCommand
[22:49:05 INF] Executing OkObjectResult, writing value of type 'EcommerceInventory.Application.Common.Models.ApiResponse`1[[EcommerceInventory.Application.Features.Users.DTOs.UserResponseDto, EcommerceInventory.Application, Version=1.0.0.0, Culture=neutral, PublicKeyToken=null]]'.
[22:49:05 INF] Executed action EcommerceInventory.API.Controllers.UsersController.UpdateUser (EcommerceInventory.API) in 575.2664ms
[22:49:05 INF] Executed endpoint 'EcommerceInventory.API.Controllers.UsersController.UpdateUser (EcommerceInventory.API)'
[22:49:05 INF] [8c18c10f-b8f8-44bc-b00b-b4774b26a3e9] PUT /api/v1/users/72dc1bfc-ec89-4a80-962b-f82c3769cf63 responded 200 in 588.4778ms
[22:49:05 INF] Request finished HTTP/1.1 PUT http://localhost:5255/api/v1/users/72dc1bfc-ec89-4a80-962b-f82c3769cf63 - 200 null application/json; charset=utf-8 588.7981ms
[22:49:05 INF] Request starting HTTP/1.1 DELETE http://localhost:5255/api/v1/users/72dc1bfc-ec89-4a80-962b-f82c3769cf63 - null 0
[22:49:05 INF] [e319fa85-4fbe-4b19-8a6f-69242c7e743e] DELETE /api/v1/users/72dc1bfc-ec89-4a80-962b-f82c3769cf63 
[22:49:05 INF] Executing endpoint 'EcommerceInventory.API.Controllers.UsersController.DeleteUser (EcommerceInventory.API)'
[22:49:05 INF] Route matched with {action = "DeleteUser", controller = "Users"}. Executing controller action with signature System.Threading.Tasks.Task`1[Microsoft.AspNetCore.Mvc.IActionResult] DeleteUser(System.Guid, System.Threading.CancellationToken) on controller EcommerceInventory.API.Controllers.UsersController (EcommerceInventory.API).
[22:49:05 INF] Handling DeleteUserCommand
[22:49:05 INF] Executed DbCommand (296ms) [Parameters=[@p='?' (DbType = Guid)], CommandType='Text', CommandTimeout='30']
SELECT u."Id", u."CloudinaryProfileId", u."CreatedAt", u."CreatedBy", u."DeletedAt", u."Email", u."FullName", u."IsEmailVerified", u."LastLoginAt", u."PasswordHash", u."Phone", u."ProfileImageUrl", u."Status", u."UpdatedAt", u."UpdatedBy"
FROM users AS u
WHERE u."DeletedAt" IS NULL AND u."Id" = @p
LIMIT 1
[22:49:06 INF] Executed DbCommand (266ms) [Parameters=[@p14='?' (DbType = Guid), @p0='?', @p1='?' (DbType = DateTime), @p2='?' (DbType = Guid), @p3='?' (DbType = DateTime), @p4='?', @p5='?', @p6='?' (DbType = Boolean), @p7='?' (DbType = DateTime), @p8='?', @p9='?', @p10='?', @p11='?', @p12='?' (DbType = DateTime), @p13='?' (DbType = Guid)], CommandType='Text', CommandTimeout='30']
UPDATE users SET "CloudinaryProfileId" = @p0, "CreatedAt" = @p1, "CreatedBy" = @p2, "DeletedAt" = @p3, "Email" = @p4, "FullName" = @p5, "IsEmailVerified" = @p6, "LastLoginAt" = @p7, "PasswordHash" = @p8, "Phone" = @p9, "ProfileImageUrl" = @p10, "Status" = @p11, "UpdatedAt" = @p12, "UpdatedBy" = @p13
WHERE "Id" = @p14;
[22:49:06 INF] Handled DeleteUserCommand
[22:49:06 INF] Executing OkObjectResult, writing value of type 'EcommerceInventory.Application.Common.Models.ApiResponse`1[[System.Object, System.Private.CoreLib, Version=10.0.0.0, Culture=neutral, PublicKeyToken=7cec85d7bea7798e]]'.
[22:49:06 INF] Executed action EcommerceInventory.API.Controllers.UsersController.DeleteUser (EcommerceInventory.API) in 570.954ms
[22:49:06 INF] Executed endpoint 'EcommerceInventory.API.Controllers.UsersController.DeleteUser (EcommerceInventory.API)'
[22:49:06 INF] [e319fa85-4fbe-4b19-8a6f-69242c7e743e] DELETE /api/v1/users/72dc1bfc-ec89-4a80-962b-f82c3769cf63 responded 200 in 584.9247ms
[22:49:06 INF] Request finished HTTP/1.1 DELETE http://localhost:5255/api/v1/users/72dc1bfc-ec89-4a80-962b-f82c3769cf63 - 200 null application/json; charset=utf-8 585.2776ms
[22:49:06 INF] Request starting HTTP/1.1 GET http://localhost:5255/api/v1/users/72dc1bfc-ec89-4a80-962b-f82c3769cf63 - null null
[22:49:06 INF] [c577e058-6b5b-4e72-bd3a-e3e5947d3241] GET /api/v1/users/72dc1bfc-ec89-4a80-962b-f82c3769cf63 
[22:49:06 INF] Executing endpoint 'EcommerceInventory.API.Controllers.UsersController.GetUserById (EcommerceInventory.API)'
[22:49:06 INF] Route matched with {action = "GetUserById", controller = "Users"}. Executing controller action with signature System.Threading.Tasks.Task`1[Microsoft.AspNetCore.Mvc.IActionResult] GetUserById(System.Guid, System.Threading.CancellationToken) on controller EcommerceInventory.API.Controllers.UsersController (EcommerceInventory.API).
[22:49:06 INF] Handling GetUserByIdQuery
[22:49:06 INF] Executed DbCommand (597ms) [Parameters=[@request_UserId='?' (DbType = Guid)], CommandType='Text', CommandTimeout='30']
SELECT u1."Id", u1."CloudinaryProfileId", u1."CreatedAt", u1."CreatedBy", u1."DeletedAt", u1."Email", u1."FullName", u1."IsEmailVerified", u1."LastLoginAt", u1."PasswordHash", u1."Phone", u1."ProfileImageUrl", u1."Status", u1."UpdatedAt", u1."UpdatedBy", s."UserId", s."RoleId", s."AssignedAt", s."AssignedBy", s."Id", s."CreatedAt", s."Description", s."HierarchyLevel", s."IsSystemRole", s."Name", s."UpdatedAt"
FROM (
    SELECT u."Id", u."CloudinaryProfileId", u."CreatedAt", u."CreatedBy", u."DeletedAt", u."Email", u."FullName", u."IsEmailVerified", u."LastLoginAt", u."PasswordHash", u."Phone", u."ProfileImageUrl", u."Status", u."UpdatedAt", u."UpdatedBy"
    FROM users AS u
    WHERE u."DeletedAt" IS NULL AND u."Id" = @request_UserId
    LIMIT 1
) AS u1
LEFT JOIN (
    SELECT u0."UserId", u0."RoleId", u0."AssignedAt", u0."AssignedBy", r."Id", r."CreatedAt", r."Description", r."HierarchyLevel", r."IsSystemRole", r."Name", r."UpdatedAt"
    FROM user_roles AS u0
    INNER JOIN roles AS r ON u0."RoleId" = r."Id"
) AS s ON u1."Id" = s."UserId"
ORDER BY u1."Id", s."UserId", s."RoleId"
[22:49:06 INF] Executed action EcommerceInventory.API.Controllers.UsersController.GetUserById (EcommerceInventory.API) in 600.7994ms
[22:49:06 INF] Executed endpoint 'EcommerceInventory.API.Controllers.UsersController.GetUserById (EcommerceInventory.API)'
[22:49:06 ERR] An error occurred: Entity 'User' with ID '72dc1bfc-ec89-4a80-962b-f82c3769cf63' was not found.
EcommerceInventory.Domain.Exceptions.NotFoundException: Entity 'User' with ID '72dc1bfc-ec89-4a80-962b-f82c3769cf63' was not found.
   at EcommerceInventory.Application.Features.Users.Queries.GetUserById.GetUserByIdQueryHandler.Handle(GetUserByIdQuery request, CancellationToken cancellationToken) in D:\CodeSpace\Temporary-Field\EcommerceInventorySystem-Backend\src\EcommerceInventory.Application\Features\Users\Queries\GetUserById\GetUserByIdQuery.cs:line 33
   at EcommerceInventory.Application.Common.Behaviors.ValidationBehaviour`2.Handle(TRequest request, RequestHandlerDelegate`1 next, CancellationToken cancellationToken) in D:\CodeSpace\Temporary-Field\EcommerceInventorySystem-Backend\src\EcommerceInventory.Application\Common\Behaviors\ValidationBehaviour.cs:line 25
   at EcommerceInventory.Application.Common.Behaviors.LoggingBehaviour`2.Handle(TRequest request, RequestHandlerDelegate`1 next, CancellationToken cancellationToken) in D:\CodeSpace\Temporary-Field\EcommerceInventorySystem-Backend\src\EcommerceInventory.Application\Common\Behaviors\ValidationBehaviour.cs:line 66
   at EcommerceInventory.API.Controllers.UsersController.GetUserById(Guid id, CancellationToken ct) in D:\CodeSpace\Temporary-Field\EcommerceInventorySystem-Backend\src\EcommerceInventory.API\Controllers\UsersController.cs:line 78
   at Microsoft.AspNetCore.Mvc.Infrastructure.ActionMethodExecutor.TaskOfIActionResultExecutor.Execute(ActionContext actionContext, IActionResultTypeMapper mapper, ObjectMethodExecutor executor, Object controller, Object[] arguments)
   at Microsoft.AspNetCore.Mvc.Infrastructure.ControllerActionInvoker.<InvokeActionMethodAsync>g__Awaited|12_0(ControllerActionInvoker invoker, ValueTask`1 actionResultValueTask)
   at Microsoft.AspNetCore.Mvc.Infrastructure.ControllerActionInvoker.<InvokeNextActionFilterAsync>g__Awaited|10_0(ControllerActionInvoker invoker, Task lastTask, State next, Scope scope, Object state, Boolean isCompleted)
   at Microsoft.AspNetCore.Mvc.Infrastructure.ControllerActionInvoker.Rethrow(ActionExecutedContextSealed context)
   at Microsoft.AspNetCore.Mvc.Infrastructure.ControllerActionInvoker.Next(State& next, Scope& scope, Object& state, Boolean& isCompleted)
   at Microsoft.AspNetCore.Mvc.Infrastructure.ControllerActionInvoker.<InvokeInnerFilterAsync>g__Awaited|13_0(ControllerActionInvoker invoker, Task lastTask, State next, Scope scope, Object state, Boolean isCompleted)
   at Microsoft.AspNetCore.Mvc.Infrastructure.ResourceInvoker.<InvokeFilterPipelineAsync>g__Awaited|20_0(ResourceInvoker invoker, Task lastTask, State next, Scope scope, Object state, Boolean isCompleted)
   at Microsoft.AspNetCore.Mvc.Infrastructure.ResourceInvoker.<InvokeAsync>g__Logged|17_1(ResourceInvoker invoker)
   at Microsoft.AspNetCore.Mvc.Infrastructure.ResourceInvoker.<InvokeAsync>g__Logged|17_1(ResourceInvoker invoker)
   at Microsoft.AspNetCore.Routing.EndpointMiddleware.<Invoke>g__AwaitRequestTask|7_0(Endpoint endpoint, Task requestTask, ILogger logger)
   at Microsoft.AspNetCore.Authorization.AuthorizationMiddleware.Invoke(HttpContext context)
   at Microsoft.AspNetCore.Authentication.AuthenticationMiddleware.Invoke(HttpContext context)
   at EcommerceInventory.API.Middleware.CorrelationIdMiddleware.InvokeAsync(HttpContext context) in D:\CodeSpace\Temporary-Field\EcommerceInventorySystem-Backend\src\EcommerceInventory.API\Middleware\CorrelationIdMiddleware.cs:line 39
   at EcommerceInventory.API.Middleware.GlobalExceptionHandlingMiddleware.InvokeAsync(HttpContext context) in D:\CodeSpace\Temporary-Field\EcommerceInventorySystem-Backend\src\EcommerceInventory.API\Middleware\GlobalExceptionHandlingMiddleware.cs:line 27
[22:49:06 INF] Request finished HTTP/1.1 GET http://localhost:5255/api/v1/users/72dc1bfc-ec89-4a80-962b-f82c3769cf63 - 404 null application/json 621.05ms
